d:\projects\ispy\ispy\ffmpeg\debug\ispy.video.ffmpeg.pch
d:\projects\ispy\ispy\ffmpeg\debug\vc140.pdb
d:\projects\ispy\ispy\ffmpeg\debug\stdafx.xdc
d:\projects\ispy\ispy\ffmpeg\debug\stdafx.obj
d:\projects\ispy\ispy\ffmpeg\debug\assemblyinfo.xdc
d:\projects\ispy\ispy\ffmpeg\debug\audiocodec.xdc
d:\projects\ispy\ispy\ffmpeg\debug\audiofilereader.xdc
d:\projects\ispy\ispy\ffmpeg\debug\audiofilewriter.xdc
d:\projects\ispy\ispy\ffmpeg\debug\ima_adpcm.xdc
d:\projects\ispy\ispy\ffmpeg\debug\init.xdc
d:\projects\ispy\ispy\ffmpeg\debug\videocodec.xdc
d:\projects\ispy\ispy\ffmpeg\debug\videofilereader.xdc
d:\projects\ispy\ispy\ffmpeg\debug\videofilewriter.xdc
d:\projects\ispy\ispy\ffmpeg\debug\videofilewriter.obj
d:\projects\ispy\ispy\ffmpeg\debug\videofilereader.obj
d:\projects\ispy\ispy\ffmpeg\debug\videocodec.obj
d:\projects\ispy\ispy\ffmpeg\debug\init.obj
d:\projects\ispy\ispy\ffmpeg\debug\ima_adpcm.obj
d:\projects\ispy\ispy\ffmpeg\debug\audiofilewriter.obj
d:\projects\ispy\ispy\ffmpeg\debug\audiofilereader.obj
d:\projects\ispy\ispy\ffmpeg\debug\audiocodec.obj
d:\projects\ispy\ispy\ffmpeg\debug\assemblyinfo.obj
d:\projects\ispy\ispy\ffmpeg\debug\.netframework,version=v4.0.assemblyattributes.xdc
d:\projects\ispy\ispy\ffmpeg\debug\.netframework,version=v4.0.assemblyattributes.obj
d:\projects\ispy\ispy\ffmpeg\debug\.netframework,version=v4.0.assemblyattributes.asm
d:\projects\ispy\ispy\ffmpeg\bin\ispy.video.ffmpeg.dll
d:\projects\ispy\ispy\ffmpeg\bin\ispy.video.ffmpeg.pdb
d:\projects\ispy\ispy\ffmpeg\bin\ispy.video.ffmpeg.xml
d:\projects\ispy\ispy\ffmpeg\.\bin\ispy.video.ffmpeg.dll
d:\projects\ispy\ispy\ffmpeg\debug\ispy.vid.ff31dd24.tlog\cl.command.1.tlog
d:\projects\ispy\ispy\ffmpeg\debug\ispy.vid.ff31dd24.tlog\cl.read.1.tlog
d:\projects\ispy\ispy\ffmpeg\debug\ispy.vid.ff31dd24.tlog\cl.write.1.tlog
d:\projects\ispy\ispy\ffmpeg\debug\ispy.vid.ff31dd24.tlog\link.command.1.tlog
d:\projects\ispy\ispy\ffmpeg\debug\ispy.vid.ff31dd24.tlog\link.read.1.tlog
d:\projects\ispy\ispy\ffmpeg\debug\ispy.vid.ff31dd24.tlog\link.write.1.tlog
d:\projects\ispy\ispy\ffmpeg\debug\ispy.vid.ff31dd24.tlog\metagen.read.1.tlog
d:\projects\ispy\ispy\ffmpeg\debug\ispy.vid.ff31dd24.tlog\metagen.write.1.tlog
d:\projects\ispy\ispy\ffmpeg\debug\ispy.vid.ff31dd24.tlog\xdcmake.command.1.tlog
d:\projects\ispy\ispy\ffmpeg\debug\ispy.vid.ff31dd24.tlog\xdcmake.read.1.tlog
d:\projects\ispy\ispy\ffmpeg\debug\ispy.vid.ff31dd24.tlog\xdcmake.write.1.tlog
d:\projects\ispy\ispy\ffmpeg\debug\ispy.vid.ff31dd24.tlog\msxml6r.dll.bi
d:\projects\ispy\ispy\ffmpeg\debug\ispy.vid.ff31dd24.tlog\netmsg.dll.bi
d:\projects\ispy\ispy\ffmpeg\debug\ispy.vid.ff31dd24.tlog\tzres.dll.bi
