C:\Program Files (x86)\MSBuild\Microsoft.Cpp\v4.0\V140\Microsoft.CppBuild.targets(392,5): warning MSB8028: The intermediate directory (Debug\) contains files shared from another project (Video.FFMPEG.vcxproj).  This can lead to incorrect clean and rebuild behavior.
  Stdafx.cpp
  AssemblyInfo.cpp
  AudioCodec.cpp
  AudioFileReader.cpp
  AudioFileWriter.cpp
  IMA_ADPCM.cpp
  Init.cpp
  VideoCodec.cpp
  VideoFileReader.cpp
  VideoFileWriter.cpp
  Generating Code...
  .NETFramework,Version=v4.0.AssemblyAttributes.cpp
  Video.FFMPEG.vcxproj -> D:\Projects\iSpy\iSpy\FFMPEG\.\bin\iSpy.Video.FFMPEG.dll
  
  Microsoft (R) .NET Framework Strong Name Utility  Version 4.0.30319.0
  Copyright (c) Microsoft Corporation.  All rights reserved.
  
  Assembly '.\bin\iSpy.Video.FFMPEG.dll' successfully re-signed
  .\ffmpeg\bin\avcodec-56.dll
  .\ffmpeg\bin\avdevice-56.dll
  .\ffmpeg\bin\avfilter-5.dll
  .\ffmpeg\bin\avformat-56.dll
  .\ffmpeg\bin\avutil-54.dll
  .\ffmpeg\bin\ffmpeg.exe
  .\ffmpeg\bin\postproc-53.dll
  .\ffmpeg\bin\swresample-1.dll
  .\ffmpeg\bin\swscale-3.dll
  9 File(s) copied
