.\bin\iSpy.Video.FFMPEG.pdb
D:\Projects\iSpy\iSpy\FFMPEG\.\bin\iSpy.Video.FFMPEG.dll
D:\PROJECTS\ISPY\ISPY\FFMPEG\BIN\ISPY.VIDEO.FFMPEG.DLL
D:\PROJECTS\ISPY\ISPY\FFMPEG\BIN\ISPY.VIDEO.FFMPEG.PDB
D:\PROJECTS\ISPY\ISPY\FFMPEG\BIN\ISPY.VIDEO.FFMPEG.XML
D:\PROJECTS\ISPY\ISPY\FFMPEG\RELEASE\X86\.NETFRAMEWORK,VERSION=V4.0.ASSEMBLYATTRIBUTES.OBJ
D:\PROJECTS\ISPY\ISPY\FFMPEG\RELEASE\X86\.NETFRAMEWORK,VERSION=V4.0.ASSEMBLYATTRIBUTES.XDC
D:\PROJECTS\ISPY\ISPY\FFMPEG\RELEASE\X86\ASSEMBLYINFO.OBJ
D:\PROJECTS\ISPY\ISPY\FFMPEG\RELEASE\X86\ASSEMBLYINFO.XDC
D:\PROJECTS\ISPY\ISPY\FFMPEG\RELEASE\X86\AUDIOCODEC.OBJ
D:\PROJECTS\ISPY\ISPY\FFMPEG\RELEASE\X86\AUDIOCODEC.XDC
D:\PROJECTS\ISPY\ISPY\FFMPEG\RELEASE\X86\AUDIOFILEREADER.OBJ
D:\PROJECTS\ISPY\ISPY\FFMPEG\RELEASE\X86\AUDIOFILEREADER.XDC
D:\PROJECTS\ISPY\ISPY\FFMPEG\RELEASE\X86\AUDIOFILEWRITER.OBJ
D:\PROJECTS\ISPY\ISPY\FFMPEG\RELEASE\X86\AUDIOFILEWRITER.XDC
D:\Projects\iSpy\iSpy\FFMPEG\Release\x86\cl.command.1.tlog
D:\Projects\iSpy\iSpy\FFMPEG\Release\x86\CL.read.1.tlog
D:\Projects\iSpy\iSpy\FFMPEG\Release\x86\CL.write.1.tlog
D:\PROJECTS\ISPY\ISPY\FFMPEG\RELEASE\X86\IMA_ADPCM.OBJ
D:\PROJECTS\ISPY\ISPY\FFMPEG\RELEASE\X86\IMA_ADPCM.XDC
D:\PROJECTS\ISPY\ISPY\FFMPEG\RELEASE\X86\INIT.OBJ
D:\PROJECTS\ISPY\ISPY\FFMPEG\RELEASE\X86\INIT.XDC
D:\PROJECTS\ISPY\ISPY\FFMPEG\RELEASE\X86\ISPY.VIDEO.FFMPEG.DLL.INTERMEDIATE.MANIFEST
D:\PROJECTS\ISPY\ISPY\FFMPEG\RELEASE\X86\ISPY.VIDEO.FFMPEG.PCH
D:\Projects\iSpy\iSpy\FFMPEG\Release\x86\link.command.1.tlog
D:\Projects\iSpy\iSpy\FFMPEG\Release\x86\link.read.1.tlog
D:\Projects\iSpy\iSpy\FFMPEG\Release\x86\link.write.1.tlog
D:\Projects\iSpy\iSpy\FFMPEG\Release\x86\metagen.read.1.tlog
D:\Projects\iSpy\iSpy\FFMPEG\Release\x86\metagen.write.1.tlog
D:\Projects\iSpy\iSpy\FFMPEG\Release\x86\MSXML6R.DLL.bi
D:\Projects\iSpy\iSpy\FFMPEG\Release\x86\mt.command.1.tlog
D:\Projects\iSpy\iSpy\FFMPEG\Release\x86\mt.read.1.tlog
D:\Projects\iSpy\iSpy\FFMPEG\Release\x86\mt.write.1.tlog
D:\Projects\iSpy\iSpy\FFMPEG\Release\x86\NETMSG.DLL.bi
D:\PROJECTS\ISPY\ISPY\FFMPEG\RELEASE\X86\STDAFX.OBJ
D:\PROJECTS\ISPY\ISPY\FFMPEG\RELEASE\X86\STDAFX.XDC
D:\Projects\iSpy\iSpy\FFMPEG\Release\x86\TZRES.DLL.bi
D:\PROJECTS\ISPY\ISPY\FFMPEG\RELEASE\X86\VC100.PDB
D:\PROJECTS\ISPY\ISPY\FFMPEG\RELEASE\X86\VIDEOCODEC.OBJ
D:\PROJECTS\ISPY\ISPY\FFMPEG\RELEASE\X86\VIDEOCODEC.XDC
D:\PROJECTS\ISPY\ISPY\FFMPEG\RELEASE\X86\VIDEOFILEREADER.OBJ
D:\PROJECTS\ISPY\ISPY\FFMPEG\RELEASE\X86\VIDEOFILEREADER.XDC
D:\PROJECTS\ISPY\ISPY\FFMPEG\RELEASE\X86\VIDEOFILEWRITER.OBJ
D:\PROJECTS\ISPY\ISPY\FFMPEG\RELEASE\X86\VIDEOFILEWRITER.XDC
D:\Projects\iSpy\iSpy\FFMPEG\Release\x86\XDCMake.command.1.tlog
D:\Projects\iSpy\iSpy\FFMPEG\Release\x86\xdcmake.read.1.tlog
D:\Projects\iSpy\iSpy\FFMPEG\Release\x86\xdcmake.write.1.tlog
